# JRE version: OpenJDK Runtime Environment (18.0.1.1+2) (build 18.0.1.1+2-6)
# Java VM: OpenJDK 64-Bit Server VM (18.0.1.1+2-6, mixed mode, emulated-client, sharing, tiered, compressed oops, compressed class ptrs, g1 gc, windows-amd64)
GC Precious Log:
 CardTable entry size: 512
 Card Set container configuration: InlinePtr #cards 4 size 8 Array Of Cards #cards 16 size 48 Howl #buckets 8 coarsen threshold 3686 Howl Bitmap #cards 512 size 80 coarsen threshold 460 Card regions per heap region 1 cards per card region 4096
 CPUs: 8 total, 8 available
 Memory: 12170M
 Large Page Support: Disabled
 NUMA Support: Disabled
 Compressed Oops: Enabled (Zero based)
 Heap Region Size: 2M
 Heap Min Capacity: 8M
 Heap Initial Capacity: 192M
 Heap Max Capacity: 3044M
 Pre-touch: Disabled
 Parallel Workers: 8
 Concurrent Workers: 2
 Concurrent Refinement Workers: 8
 Periodic GC: Disabled
Heap:
 garbage-first heap   total 79872K, used 20911K [0x0000000741c00000, 0x0000000800000000)
  region size 2048K, 2 young (4096K), 2 survivors (4096K)
 Metaspace       used 34125K, committed 34624K, reserved 1114112K
  class space    used 4751K, committed 4992K, reserved 1048576K
GC Heap History (13 events):
Event: 1.899 GC heap before
{Heap before GC invocations=0 (full 0):
 garbage-first heap   total 196608K, used 20480K [0x0000000741c00000, 0x0000000800000000)
  region size 2048K, 11 young (22528K), 0 survivors (0K)
 Metaspace       used 6817K, committed 7040K, reserved 1114112K
  class space    used 800K, committed 896K, reserved 1048576K
}
Event: 1.915 GC heap after
{Heap after GC invocations=1 (full 0):
 garbage-first heap   total 196608K, used 8325K [0x0000000741c00000, 0x0000000800000000)
  region size 2048K, 2 young (4096K), 2 survivors (4096K)
 Metaspace       used 6817K, committed 7040K, reserved 1114112K
  class space    used 800K, committed 896K, reserved 1048576K
}
Event: 2.407 GC heap before
{Heap before GC invocations=1 (full 0):
 garbage-first heap   total 196608K, used 22661K [0x0000000741c00000, 0x0000000800000000)
  region size 2048K, 9 young (18432K), 2 survivors (4096K)
 Metaspace       used 9847K, committed 10112K, reserved 1114112K
  class space    used 1289K, committed 1408K, reserved 1048576K
}
Event: 2.414 GC heap after
{Heap after GC invocations=2 (full 0):
 garbage-first heap   total 196608K, used 10265K [0x0000000741c00000, 0x0000000800000000)
  region size 2048K, 1 young (2048K), 1 survivors (2048K)
 Metaspace       used 9847K, committed 10112K, reserved 1114112K
  class space    used 1289K, committed 1408K, reserved 1048576K
}
Event: 3.296 GC heap before
{Heap before GC invocations=2 (full 0):
 garbage-first heap   total 196608K, used 61465K [0x0000000741c00000, 0x0000000800000000)
  region size 2048K, 27 young (55296K), 1 survivors (2048K)
 Metaspace       used 19154K, committed 19520K, reserved 1114112K
  class space    used 2565K, committed 2752K, reserved 1048576K
}
Event: 3.304 GC heap after
{Heap after GC invocations=3 (full 0):
 garbage-first heap   total 196608K, used 13718K [0x0000000741c00000, 0x0000000800000000)
  region size 2048K, 3 young (6144K), 3 survivors (6144K)
 Metaspace       used 19154K, committed 19520K, reserved 1114112K
  class space    used 2565K, committed 2752K, reserved 1048576K
}
Event: 3.751 GC heap before
{Heap before GC invocations=3 (full 0):
 garbage-first heap   total 196608K, used 36246K [0x0000000741c00000, 0x0000000800000000)
  region size 2048K, 15 young (30720K), 3 survivors (6144K)
 Metaspace       used 21157K, committed 21504K, reserved 1114112K
  class space    used 2837K, committed 3008K, reserved 1048576K
}
Event: 3.756 GC heap after
{Heap after GC invocations=4 (full 0):
 garbage-first heap   total 196608K, used 15188K [0x0000000741c00000, 0x0000000800000000)
  region size 2048K, 4 young (8192K), 4 survivors (8192K)
 Metaspace       used 21157K, committed 21504K, reserved 1114112K
  class space    used 2837K, committed 3008K, reserved 1048576K
}
Event: 4.988 GC heap before
{Heap before GC invocations=5 (full 0):
 garbage-first heap   total 69632K, used 66388K [0x0000000741c00000, 0x0000000800000000)
  region size 2048K, 29 young (59392K), 4 survivors (8192K)
 Metaspace       used 27667K, committed 28032K, reserved 1114112K
  class space    used 3776K, committed 3968K, reserved 1048576K
}
Event: 5.001 GC heap after
{Heap after GC invocations=6 (full 0):
 garbage-first heap   total 79872K, used 19092K [0x0000000741c00000, 0x0000000800000000)
  region size 2048K, 5 young (10240K), 5 survivors (10240K)
 Metaspace       used 27667K, committed 28032K, reserved 1114112K
  class space    used 3776K, committed 3968K, reserved 1048576K
}
Event: 5.013 GC heap before
{Heap before GC invocations=6 (full 0):
 garbage-first heap   total 79872K, used 21140K [0x0000000741c00000, 0x0000000800000000)
  region size 2048K, 6 young (12288K), 5 survivors (10240K)
 Metaspace       used 27668K, committed 28032K, reserved 1114112K
  class space    used 3776K, committed 3968K, reserved 1048576K
}
Event: 5.028 GC heap after
{Heap after GC invocations=7 (full 0):
 garbage-first heap   total 79872K, used 20131K [0x0000000741c00000, 0x0000000800000000)
  region size 2048K, 1 young (2048K), 1 survivors (2048K)
 Metaspace       used 27668K, committed 28032K, reserved 1114112K
  class space    used 3776K, committed 3968K, reserved 1048576K
}
Event: 5.932 GC heap before
{Heap before GC invocations=7 (full 0):
 garbage-first heap   total 79872K, used 52899K [0x0000000741c00000, 0x0000000800000000)
  region size 2048K, 18 young (36864K), 1 survivors (2048K)
 Metaspace       used 34125K, committed 34624K, reserved 1114112K
  class space    used 4751K, committed 4992K, reserved 1048576K
}

